<?xml version="1.0" encoding="UTF-8"?>
<!-- Generated by org.testng.reporters.JUnitXMLReporter -->
<testsuite hostname="LAPTOP-7SNE49UA" ignored="0" name="TestHomepagemaths" tests="5" failures="0" timestamp="01 Aug 2020 09:08:57 GMT" time="19.774" errors="0">
  <testcase name="basePageNavigation" time="3.469" classname="com.clix.clixoerwebsite.CheckMathsCheckboxContent"/>
  <testcase name="checkMathsContentChecked" time="1.054" classname="com.clix.clixoerwebsite.CheckMathsCheckboxContent"/>
  <testcase name="countLinks" time="0.021" classname="com.clix.clixoerwebsite.CheckMathsCheckboxContent"/>
  <testcase name="countMathsModules" time="0.113" classname="com.clix.clixoerwebsite.CheckMathsCheckboxContent"/>
  <testcase name="verifyMathsmodulesinEnglishcheckbox" time="0.08" classname="com.clix.clixoerwebsite.CheckMathsCheckboxContent"/>
</testsuite> <!-- TestHomepagemaths -->
